{"/Users/gabriel/Documents/GitHub/pkuosa-gabriel/koa-api-server/knexfile.ts": {"path":"/Users/gabriel/Documents/GitHub/pkuosa-gabriel/koa-api-server/knexfile.ts","statementMap":{"0":{"start":{"line":1,"column":0},"end":{"line":1,"column":24}},"1":{"start":{"line":3,"column":18},"end":{"line":3,"column":61}},"2":{"start":{"line":4,"column":20},"end":{"line":20,"column":1}},"3":{"start":{"line":19,"column":2},"end":{"line":19,"column":55}},"4":{"start":{"line":23,"column":13},"end":{"line":25,"column":2}},"5":{"start":{"line":26,"column":13},"end":{"line":28,"column":2}},"6":{"start":{"line":29,"column":13},"end":{"line":31,"column":2}}},"fnMap":{"0":{"name":"(anonymous_1)","decl":{"start":{"line":4,"column":20},"end":{"line":4,"column":null}},"loc":{"start":{"line":18,"column":4},"end":{"line":20,"column":1}}}},"branchMap":{"0":{"loc":{"start":{"line":6,"column":11},"end":{"line":6,"column":15}},"type":"default-arg","locations":[{"start":{"line":6,"column":11},"end":{"line":6,"column":15}}]}},"s":{"0":3,"1":3,"2":3,"3":9,"4":3,"5":3,"6":3},"f":{"0":9},"b":{"0":[9]}}
,"/Users/gabriel/Documents/GitHub/pkuosa-gabriel/koa-api-server/src/common/response.ts": {"path":"/Users/gabriel/Documents/GitHub/pkuosa-gabriel/koa-api-server/src/common/response.ts","statementMap":{"0":{"start":{"line":1,"column":13},"end":{"line":8,"column":2}},"1":{"start":{"line":10,"column":13},"end":{"line":12,"column":2}}},"fnMap":{},"branchMap":{},"s":{"0":3,"1":3},"f":{},"b":{}}
,"/Users/gabriel/Documents/GitHub/pkuosa-gabriel/koa-api-server/src/server/index.ts": {"path":"/Users/gabriel/Documents/GitHub/pkuosa-gabriel/koa-api-server/src/server/index.ts","statementMap":{"0":{"start":{"line":1,"column":0},"end":{"line":1,"column":26}},"1":{"start":{"line":2,"column":0},"end":{"line":2,"column":22}},"2":{"start":{"line":3,"column":0},"end":{"line":3,"column":31}},"3":{"start":{"line":4,"column":0},"end":{"line":4,"column":31}},"4":{"start":{"line":5,"column":0},"end":{"line":5,"column":24}},"5":{"start":{"line":8,"column":0},"end":{"line":8,"column":41}},"6":{"start":{"line":9,"column":0},"end":{"line":9,"column":41}},"7":{"start":{"line":11,"column":14},"end":{"line":11,"column":39}},"8":{"start":{"line":12,"column":12},"end":{"line":12,"column":21}},"9":{"start":{"line":14,"column":13},"end":{"line":14,"column":37}},"10":{"start":{"line":22,"column":0},"end":{"line":22,"column":19}},"11":{"start":{"line":23,"column":0},"end":{"line":23,"column":53}},"12":{"start":{"line":24,"column":0},"end":{"line":24,"column":30}},"13":{"start":{"line":25,"column":0},"end":{"line":25,"column":30}},"14":{"start":{"line":29,"column":2},"end":{"line":31,"column":5}},"15":{"start":{"line":30,"column":4},"end":{"line":30,"column":76}},"16":{"start":{"line":33,"column":2},"end":{"line":33,"column":24}},"17":{"start":{"line":36,"column":0},"end":{"line":36,"column":22}}},"fnMap":{"0":{"name":"(anonymous_1)","decl":{"start":{"line":29,"column":28},"end":{"line":29,"column":31}},"loc":{"start":{"line":29,"column":33},"end":{"line":31,"column":3}}}},"branchMap":{"0":{"loc":{"start":{"line":14,"column":13},"end":{"line":14,"column":29}},"type":"binary-expr","locations":[{"start":{"line":14,"column":13},"end":{"line":14,"column":29}},{"start":{"line":14,"column":33},"end":{"line":14,"column":37}}]}},"s":{"0":3,"1":3,"2":3,"3":3,"4":3,"5":3,"6":3,"7":3,"8":3,"9":3,"10":3,"11":3,"12":3,"13":3,"14":1,"15":1,"16":2,"17":3},"f":{"0":1},"b":{"0":[3,3]}}
,"/Users/gabriel/Documents/GitHub/pkuosa-gabriel/koa-api-server/src/server/db/connection.ts": {"path":"/Users/gabriel/Documents/GitHub/pkuosa-gabriel/koa-api-server/src/server/db/connection.ts","statementMap":{"0":{"start":{"line":1,"column":20},"end":{"line":1,"column":57}},"1":{"start":{"line":2,"column":0},"end":{"line":2,"column":24}},"2":{"start":{"line":3,"column":0},"end":{"line":3,"column":44}},"3":{"start":{"line":5,"column":0},"end":{"line":5,"column":41}}},"fnMap":{},"branchMap":{"0":{"loc":{"start":{"line":1,"column":20},"end":{"line":1,"column":40}},"type":"binary-expr","locations":[{"start":{"line":1,"column":20},"end":{"line":1,"column":40}},{"start":{"line":1,"column":44},"end":{"line":1,"column":57}}]}},"s":{"0":3,"1":3,"2":3,"3":3},"f":{},"b":{"0":[3,0]}}
,"/Users/gabriel/Documents/GitHub/pkuosa-gabriel/koa-api-server/src/server/db/migrations/20181025220731_poems.ts": {"path":"/Users/gabriel/Documents/GitHub/pkuosa-gabriel/koa-api-server/src/server/db/migrations/20181025220731_poems.ts","statementMap":{"0":{"start":{"line":3,"column":0},"end":{"line":13,"column":2}},"1":{"start":{"line":4,"column":2},"end":{"line":12,"column":5}},"2":{"start":{"line":5,"column":4},"end":{"line":5,"column":23}},"3":{"start":{"line":6,"column":4},"end":{"line":6,"column":40}},"4":{"start":{"line":7,"column":4},"end":{"line":7,"column":41}},"5":{"start":{"line":8,"column":4},"end":{"line":8,"column":41}},"6":{"start":{"line":9,"column":4},"end":{"line":9,"column":40}},"7":{"start":{"line":10,"column":4},"end":{"line":10,"column":59}},"8":{"start":{"line":11,"column":4},"end":{"line":11,"column":59}},"9":{"start":{"line":15,"column":0},"end":{"line":17,"column":2}},"10":{"start":{"line":16,"column":2},"end":{"line":16,"column":40}}},"fnMap":{"0":{"name":"(anonymous_0)","decl":{"start":{"line":3,"column":13},"end":{"line":3,"column":14}},"loc":{"start":{"line":3,"column":31},"end":{"line":13,"column":1}}},"1":{"name":"(anonymous_1)","decl":{"start":{"line":4,"column":42},"end":{"line":4,"column":47}},"loc":{"start":{"line":4,"column":50},"end":{"line":12,"column":3}}},"2":{"name":"(anonymous_2)","decl":{"start":{"line":15,"column":15},"end":{"line":15,"column":16}},"loc":{"start":{"line":15,"column":33},"end":{"line":17,"column":1}}}},"branchMap":{},"s":{"0":1,"1":10,"2":10,"3":10,"4":10,"5":10,"6":10,"7":10,"8":10,"9":1,"10":10},"f":{"0":10,"1":10,"2":10},"b":{}}
,"/Users/gabriel/Documents/GitHub/pkuosa-gabriel/koa-api-server/src/server/db/queries/poems.ts": {"path":"/Users/gabriel/Documents/GitHub/pkuosa-gabriel/koa-api-server/src/server/db/queries/poems.ts","statementMap":{"0":{"start":{"line":1,"column":0},"end":{"line":1,"column":33}},"1":{"start":{"line":4,"column":2},"end":{"line":6,"column":20}},"2":{"start":{"line":10,"column":2},"end":{"line":15,"column":20}},"3":{"start":{"line":19,"column":2},"end":{"line":22,"column":11}},"4":{"start":{"line":26,"column":2},"end":{"line":26,"column":35}},"5":{"start":{"line":30,"column":2},"end":{"line":32,"column":35}},"6":{"start":{"line":43,"column":0},"end":{"line":43,"column":23}}},"fnMap":{"0":{"name":"addPoem","decl":{"start":{"line":3,"column":9},"end":{"line":3,"column":16}},"loc":{"start":{"line":3,"column":21},"end":{"line":7,"column":1}}},"1":{"name":"updatePoem","decl":{"start":{"line":9,"column":9},"end":{"line":9,"column":19}},"loc":{"start":{"line":9,"column":28},"end":{"line":16,"column":1}}},"2":{"name":"deletePoem","decl":{"start":{"line":18,"column":9},"end":{"line":18,"column":19}},"loc":{"start":{"line":18,"column":22},"end":{"line":23,"column":1}}},"3":{"name":"getAllPoems","decl":{"start":{"line":25,"column":9},"end":{"line":25,"column":20}},"loc":{"start":{"line":25,"column":20},"end":{"line":27,"column":1}}},"4":{"name":"getSinglePoem","decl":{"start":{"line":29,"column":9},"end":{"line":29,"column":22}},"loc":{"start":{"line":29,"column":25},"end":{"line":33,"column":1}}}},"branchMap":{},"s":{"0":3,"1":3,"2":2,"3":2,"4":1,"5":4,"6":3},"f":{"0":3,"1":2,"2":2,"3":1,"4":4},"b":{}}
,"/Users/gabriel/Documents/GitHub/pkuosa-gabriel/koa-api-server/src/server/db/seeds/poems_seed.ts": {"path":"/Users/gabriel/Documents/GitHub/pkuosa-gabriel/koa-api-server/src/server/db/seeds/poems_seed.ts","statementMap":{"0":{"start":{"line":1,"column":0},"end":{"line":28,"column":2}},"1":{"start":{"line":3,"column":2},"end":{"line":27,"column":7}},"2":{"start":{"line":7,"column":6},"end":{"line":26,"column":9}}},"fnMap":{"0":{"name":"(anonymous_0)","decl":{"start":{"line":1,"column":15},"end":{"line":1,"column":16}},"loc":{"start":{"line":1,"column":33},"end":{"line":28,"column":1}}},"1":{"name":"(anonymous_1)","decl":{"start":{"line":5,"column":10},"end":{"line":5,"column":13}},"loc":{"start":{"line":5,"column":15},"end":{"line":27,"column":5}}}},"branchMap":{},"s":{"0":1,"1":10,"2":10},"f":{"0":10,"1":10},"b":{}}
,"/Users/gabriel/Documents/GitHub/pkuosa-gabriel/koa-api-server/src/server/routes/index.ts": {"path":"/Users/gabriel/Documents/GitHub/pkuosa-gabriel/koa-api-server/src/server/routes/index.ts","statementMap":{"0":{"start":{"line":1,"column":0},"end":{"line":1,"column":26}},"1":{"start":{"line":2,"column":0},"end":{"line":2,"column":32}},"2":{"start":{"line":4,"column":14},"end":{"line":4,"column":38}},"3":{"start":{"line":5,"column":20},"end":{"line":5,"column":32}},"4":{"start":{"line":7,"column":0},"end":{"line":10,"column":3}},"5":{"start":{"line":8,"column":2},"end":{"line":8,"column":28}},"6":{"start":{"line":9,"column":2},"end":{"line":9,"column":58}},"7":{"start":{"line":12,"column":0},"end":{"line":12,"column":27}}},"fnMap":{"0":{"name":"(anonymous_1)","decl":{"start":{"line":7,"column":21},"end":{"line":7,"column":26}},"loc":{"start":{"line":7,"column":33},"end":{"line":10,"column":1}}}},"branchMap":{},"s":{"0":3,"1":3,"2":3,"3":3,"4":3,"5":2,"6":2,"7":3},"f":{"0":2},"b":{}}
,"/Users/gabriel/Documents/GitHub/pkuosa-gabriel/koa-api-server/src/server/routes/poems.ts": {"path":"/Users/gabriel/Documents/GitHub/pkuosa-gabriel/koa-api-server/src/server/routes/poems.ts","statementMap":{"0":{"start":{"line":4,"column":0},"end":{"line":4,"column":26}},"1":{"start":{"line":5,"column":0},"end":{"line":5,"column":32}},"2":{"start":{"line":6,"column":0},"end":{"line":6,"column":52}},"3":{"start":{"line":7,"column":0},"end":{"line":7,"column":42}},"4":{"start":{"line":9,"column":14},"end":{"line":9,"column":38}},"5":{"start":{"line":10,"column":20},"end":{"line":12,"column":2}},"6":{"start":{"line":13,"column":16},"end":{"line":13,"column":20}},"7":{"start":{"line":14,"column":20},"end":{"line":14,"column":25}},"8":{"start":{"line":16,"column":15},"end":{"line":48,"column":1}},"9":{"start":{"line":31,"column":6},"end":{"line":31,"column":59}},"10":{"start":{"line":32,"column":6},"end":{"line":32,"column":38}},"11":{"start":{"line":34,"column":6},"end":{"line":34,"column":47}},"12":{"start":{"line":36,"column":4},"end":{"line":36,"column":31}},"13":{"start":{"line":38,"column":6},"end":{"line":38,"column":31}},"14":{"start":{"line":39,"column":6},"end":{"line":39,"column":76}},"15":{"start":{"line":41,"column":6},"end":{"line":41,"column":28}},"16":{"start":{"line":42,"column":6},"end":{"line":42,"column":56}},"17":{"start":{"line":45,"column":4},"end":{"line":45,"column":27}},"18":{"start":{"line":46,"column":4},"end":{"line":46,"column":71}},"19":{"start":{"line":50,"column":23},"end":{"line":60,"column":null}},"20":{"start":{"line":51,"column":2},"end":{"line":60,"column":null}},"21":{"start":{"line":63,"column":22},"end":{"line":73,"column":null}},"22":{"start":{"line":64,"column":2},"end":{"line":73,"column":null}},"23":{"start":{"line":76,"column":23},"end":{"line":86,"column":null}},"24":{"start":{"line":77,"column":2},"end":{"line":86,"column":null}},"25":{"start":{"line":89,"column":24},"end":{"line":99,"column":null}},"26":{"start":{"line":90,"column":2},"end":{"line":99,"column":null}},"27":{"start":{"line":102,"column":25},"end":{"line":113,"column":null}},"28":{"start":{"line":103,"column":2},"end":{"line":113,"column":null}},"29":{"start":{"line":116,"column":0},"end":{"line":121,"column":36}},"30":{"start":{"line":123,"column":0},"end":{"line":123,"column":27}}},"fnMap":{"0":{"name":"(anonymous_1)","decl":{"start":{"line":16,"column":15},"end":{"line":16,"column":20}},"loc":{"start":{"line":27,"column":4},"end":{"line":48,"column":1}}},"1":{"name":"(anonymous_2)","decl":{"start":{"line":50,"column":23},"end":{"line":50,"column":28}},"loc":{"start":{"line":51,"column":2},"end":{"line":60,"column":null}}},"2":{"name":"(anonymous_3)","decl":{"start":{"line":63,"column":22},"end":{"line":63,"column":27}},"loc":{"start":{"line":64,"column":2},"end":{"line":73,"column":null}}},"3":{"name":"(anonymous_4)","decl":{"start":{"line":76,"column":23},"end":{"line":76,"column":28}},"loc":{"start":{"line":77,"column":2},"end":{"line":86,"column":null}}},"4":{"name":"(anonymous_5)","decl":{"start":{"line":89,"column":24},"end":{"line":89,"column":29}},"loc":{"start":{"line":90,"column":2},"end":{"line":99,"column":null}}},"5":{"name":"(anonymous_6)","decl":{"start":{"line":102,"column":25},"end":{"line":102,"column":30}},"loc":{"start":{"line":103,"column":2},"end":{"line":113,"column":null}}}},"branchMap":{"0":{"loc":{"start":{"line":26,"column":11},"end":{"line":26,"column":22}},"type":"default-arg","locations":[{"start":{"line":26,"column":11},"end":{"line":26,"column":22}}]},"1":{"loc":{"start":{"line":46,"column":42},"end":{"line":46,"column":53}},"type":"binary-expr","locations":[{"start":{"line":46,"column":42},"end":{"line":46,"column":53}},{"start":{"line":46,"column":57},"end":{"line":46,"column":69}}]}},"s":{"0":3,"1":3,"2":3,"3":3,"4":3,"5":3,"6":3,"7":3,"8":3,"9":2,"10":2,"11":8,"12":8,"13":5,"14":5,"15":3,"16":3,"17":2,"18":2,"19":3,"20":1,"21":3,"22":2,"23":3,"24":3,"25":3,"26":2,"27":3,"28":2,"29":3,"30":3},"f":{"0":10,"1":1,"2":2,"3":3,"4":2,"5":2},"b":{"0":[8],"1":[2,0]}}
}
